# JRE version: OpenJDK Runtime Environment (21.0.9) (build 21.0.9+-14649483-b1163.86)
# Java VM: OpenJDK 64-Bit Server VM (21.0.9+-14649483-b1163.86, mixed mode, tiered, compressed oops, compressed class ptrs, g1 gc, windows-amd64)
GC Precious Log:
 CardTable entry size: 512
 Card Set container configuration: InlinePtr #cards 5 size 8 Array Of Cards #cards 12 size 40 Howl #buckets 4 coarsen threshold 1843 Howl Bitmap #cards 512 size 80 coarsen threshold 460 Card regions per heap region 1 cards per card region 2048
 CPUs: 4 total, 4 available
 Memory: 7975M
 Large Page Support: Disabled
 NUMA Support: Disabled
 Compressed Oops: Enabled (32-bit)
 Heap Region Size: 1M
 Heap Min Capacity: 8M
 Heap Initial Capacity: 126M
 Heap Max Capacity: 2G
 Pre-touch: Disabled
 Parallel Workers: 4
 Concurrent Workers: 1
 Concurrent Refinement Workers: 4
 Periodic GC: Disabled
Heap:
 garbage-first heap   total 83968K, used 34397K [0x0000000080000000, 0x0000000100000000)
  region size 1024K, 18 young (18432K), 7 survivors (7168K)
 Metaspace       used 31129K, committed 31680K, reserved 1114112K
  class space    used 3943K, committed 4224K, reserved 1048576K
GC Heap History (12 events):
Event: 0.992 GC heap before
{Heap before GC invocations=0 (full 0):
 garbage-first heap   total 129024K, used 13312K [0x0000000080000000, 0x0000000100000000)
  region size 1024K, 13 young (13312K), 0 survivors (0K)
 Metaspace       used 7799K, committed 7936K, reserved 1114112K
  class space    used 734K, committed 768K, reserved 1048576K
}
Event: 0.999 GC heap after
{Heap after GC invocations=1 (full 0):
 garbage-first heap   total 129024K, used 1024K [0x0000000080000000, 0x0000000100000000)
  region size 1024K, 1 young (1024K), 1 survivors (1024K)
 Metaspace       used 7799K, committed 7936K, reserved 1114112K
  class space    used 734K, committed 768K, reserved 1048576K
}
Event: 1.692 GC heap before
{Heap before GC invocations=1 (full 0):
 garbage-first heap   total 129024K, used 25600K [0x0000000080000000, 0x0000000100000000)
  region size 1024K, 26 young (26624K), 1 survivors (1024K)
 Metaspace       used 7955K, committed 8064K, reserved 1114112K
  class space    used 734K, committed 768K, reserved 1048576K
}
Event: 1.695 GC heap after
{Heap after GC invocations=2 (full 0):
 garbage-first heap   total 129024K, used 1602K [0x0000000080000000, 0x0000000100000000)
  region size 1024K, 2 young (2048K), 2 survivors (2048K)
 Metaspace       used 7955K, committed 8064K, reserved 1114112K
  class space    used 734K, committed 768K, reserved 1048576K
}
Event: 12.494 GC heap before
{Heap before GC invocations=2 (full 0):
 garbage-first heap   total 129024K, used 79426K [0x0000000080000000, 0x0000000100000000)
  region size 1024K, 75 young (76800K), 2 survivors (2048K)
 Metaspace       used 12820K, committed 12992K, reserved 1114112K
  class space    used 1403K, committed 1472K, reserved 1048576K
}
Event: 12.520 GC heap after
{Heap after GC invocations=3 (full 0):
 garbage-first heap   total 129024K, used 11953K [0x0000000080000000, 0x0000000100000000)
  region size 1024K, 8 young (8192K), 8 survivors (8192K)
 Metaspace       used 12820K, committed 12992K, reserved 1114112K
  class space    used 1403K, committed 1472K, reserved 1048576K
}
Event: 15.896 GC heap before
{Heap before GC invocations=3 (full 0):
 garbage-first heap   total 129024K, used 81585K [0x0000000080000000, 0x0000000100000000)
  region size 1024K, 75 young (76800K), 8 survivors (8192K)
 Metaspace       used 13531K, committed 13760K, reserved 1114112K
  class space    used 1511K, committed 1600K, reserved 1048576K
}
Event: 15.905 GC heap after
{Heap after GC invocations=4 (full 0):
 garbage-first heap   total 129024K, used 17950K [0x0000000080000000, 0x0000000100000000)
  region size 1024K, 5 young (5120K), 5 survivors (5120K)
 Metaspace       used 13531K, committed 13760K, reserved 1114112K
  class space    used 1511K, committed 1600K, reserved 1048576K
}
Event: 18.620 GC heap before
{Heap before GC invocations=4 (full 0):
 garbage-first heap   total 129024K, used 41502K [0x0000000080000000, 0x0000000100000000)
  region size 1024K, 29 young (29696K), 5 survivors (5120K)
 Metaspace       used 21219K, committed 21504K, reserved 1114112K
  class space    used 2481K, committed 2624K, reserved 1048576K
}
Event: 18.624 GC heap after
{Heap after GC invocations=5 (full 0):
 garbage-first heap   total 129024K, used 21153K [0x0000000080000000, 0x0000000100000000)
  region size 1024K, 8 young (8192K), 8 survivors (8192K)
 Metaspace       used 21219K, committed 21504K, reserved 1114112K
  class space    used 2481K, committed 2624K, reserved 1048576K
}
Event: 20.565 GC heap before
{Heap before GC invocations=6 (full 0):
 garbage-first heap   total 71680K, used 70305K [0x0000000080000000, 0x0000000100000000)
  region size 1024K, 55 young (56320K), 8 survivors (8192K)
 Metaspace       used 29655K, committed 30144K, reserved 1114112K
  class space    used 3682K, committed 3904K, reserved 1048576K
}
Event: 20.573 GC heap after
{Heap after GC invocations=7 (full 0):
 garbage-first heap   total 83968K, used 24157K [0x0000000080000000, 0x0000000100000000)
  region size 1024K, 7 young (7168K), 7 survivors (7168K)
 Metaspace       used 29655K, committed 30144K, reserved 1114112K
  class space    used 3682K, committed 3904K, reserved 1048576K
}

